app/build/intermediates/manifest_merge_blame_file/debug/processDebugMainManifest/manifest-merger-blame-debug-report.txt
1<?xml version="1.0" encoding="utf-8"?>
2<manifest xmlns:android="http://schemas.android.com/apk/res/android"
3    package="com.transitwallet.app"
4    android:versionCode="1"
5    android:versionName="1.0.0" >
6
7    <uses-sdk
8        android:minSdkVersion="26"
9        android:targetSdkVersion="35" />
10
11    <uses-permission android:name="android.permission.NFC" />
11-->src/main/AndroidManifest.xml:4:5-62
11-->src/main/AndroidManifest.xml:4:22-59
12
13    <uses-feature
13-->src/main/AndroidManifest.xml:5:5-7:36
14        android:name="android.hardware.nfc"
14-->src/main/AndroidManifest.xml:6:9-44
15        android:required="false" />
15-->src/main/AndroidManifest.xml:7:9-33
16
17    <permission
17-->[androidx.core:core:1.13.0] AndroidManifest.xml:22:5-24:47
18        android:name="com.transitwallet.app.DYNAMIC_RECEIVER_NOT_EXPORTED_PERMISSION"
18-->[androidx.core:core:1.13.0] AndroidManifest.xml:23:9-81
19        android:protectionLevel="signature" />
19-->[androidx.core:core:1.13.0] AndroidManifest.xml:24:9-44
20
21    <uses-permission android:name="com.transitwallet.app.DYNAMIC_RECEIVER_NOT_EXPORTED_PERMISSION" />
21-->[androidx.core:core:1.13.0] AndroidManifest.xml:26:5-97
21-->[androidx.core:core:1.13.0] AndroidManifest.xml:26:22-94
22
23    <application
23-->src/main/AndroidManifest.xml:9:5-35:19
24        android:allowBackup="true"
24-->src/main/AndroidManifest.xml:10:9-35
25        android:appComponentFactory="androidx.core.app.CoreComponentFactory"
25-->[androidx.core:core:1.13.0] AndroidManifest.xml:28:18-86
26        android:debuggable="true"
27        android:extractNativeLibs="false"
28        android:icon="@mipmap/ic_launcher"
28-->src/main/AndroidManifest.xml:11:9-43
29        android:label="@string/app_name"
29-->src/main/AndroidManifest.xml:12:9-41
30        android:roundIcon="@mipmap/ic_launcher_round"
30-->src/main/AndroidManifest.xml:13:9-54
31        android:supportsRtl="true"
31-->src/main/AndroidManifest.xml:14:9-35
32        android:theme="@style/Theme.TransitWallet" >
32-->src/main/AndroidManifest.xml:15:9-51
33        <activity
33-->src/main/AndroidManifest.xml:17:9-34:20
34            android:name="com.transitwallet.app.ui.MainActivity"
34-->src/main/AndroidManifest.xml:18:13-44
35            android:exported="true"
35-->src/main/AndroidManifest.xml:19:13-36
36            android:launchMode="singleTop" >
36-->src/main/AndroidManifest.xml:20:13-43
37            <intent-filter>
37-->src/main/AndroidManifest.xml:22:13-25:29
38                <action android:name="android.intent.action.MAIN" />
38-->src/main/AndroidManifest.xml:23:17-69
38-->src/main/AndroidManifest.xml:23:25-66
39
40                <category android:name="android.intent.category.LAUNCHER" />
40-->src/main/AndroidManifest.xml:24:17-77
40-->src/main/AndroidManifest.xml:24:27-74
41            </intent-filter>
42            <intent-filter>
42-->src/main/AndroidManifest.xml:27:13-29:29
43                <action android:name="android.nfc.action.TECH_DISCOVERED" />
43-->src/main/AndroidManifest.xml:28:17-77
43-->src/main/AndroidManifest.xml:28:25-74
44            </intent-filter>
45
46            <meta-data
46-->src/main/AndroidManifest.xml:30:13-32:59
47                android:name="android.nfc.action.TECH_DISCOVERED"
47-->src/main/AndroidManifest.xml:31:17-66
48                android:resource="@xml/nfc_tech_filter" />
48-->src/main/AndroidManifest.xml:32:17-56
49        </activity>
50
51        <provider
51-->[androidx.emoji2:emoji2:1.3.0] AndroidManifest.xml:24:9-32:20
52            android:name="androidx.startup.InitializationProvider"
52-->[androidx.emoji2:emoji2:1.3.0] AndroidManifest.xml:25:13-67
53            android:authorities="com.transitwallet.app.androidx-startup"
53-->[androidx.emoji2:emoji2:1.3.0] AndroidManifest.xml:26:13-68
54            android:exported="false" >
54-->[androidx.emoji2:emoji2:1.3.0] AndroidManifest.xml:27:13-37
55            <meta-data
55-->[androidx.emoji2:emoji2:1.3.0] AndroidManifest.xml:29:13-31:52
56                android:name="androidx.emoji2.text.EmojiCompatInitializer"
56-->[androidx.emoji2:emoji2:1.3.0] AndroidManifest.xml:30:17-75
57                android:value="androidx.startup" />
57-->[androidx.emoji2:emoji2:1.3.0] AndroidManifest.xml:31:17-49
58            <meta-data
58-->[androidx.lifecycle:lifecycle-process:2.8.6] AndroidManifest.xml:29:13-31:52
59                android:name="androidx.lifecycle.ProcessLifecycleInitializer"
59-->[androidx.lifecycle:lifecycle-process:2.8.6] AndroidManifest.xml:30:17-78
60                android:value="androidx.startup" />
60-->[androidx.lifecycle:lifecycle-process:2.8.6] AndroidManifest.xml:31:17-49
61            <meta-data
61-->[androidx.profileinstaller:profileinstaller:1.3.1] AndroidManifest.xml:29:13-31:52
62                android:name="androidx.profileinstaller.ProfileInstallerInitializer"
62-->[androidx.profileinstaller:profileinstaller:1.3.1] AndroidManifest.xml:30:17-85
63                android:value="androidx.startup" />
63-->[androidx.profileinstaller:profileinstaller:1.3.1] AndroidManifest.xml:31:17-49
64        </provider>
65
66        <uses-library
66-->[androidx.window:window:1.0.0] AndroidManifest.xml:25:9-27:40
67            android:name="androidx.window.extensions"
67-->[androidx.window:window:1.0.0] AndroidManifest.xml:26:13-54
68            android:required="false" />
68-->[androidx.window:window:1.0.0] AndroidManifest.xml:27:13-37
69        <uses-library
69-->[androidx.window:window:1.0.0] AndroidManifest.xml:28:9-30:40
70            android:name="androidx.window.sidecar"
70-->[androidx.window:window:1.0.0] AndroidManifest.xml:29:13-51
71            android:required="false" />
71-->[androidx.window:window:1.0.0] AndroidManifest.xml:30:13-37
72
73        <service
73-->[androidx.room:room-runtime:2.6.1] AndroidManifest.xml:24:9-28:63
74            android:name="androidx.room.MultiInstanceInvalidationService"
74-->[androidx.room:room-runtime:2.6.1] AndroidManifest.xml:25:13-74
75            android:directBootAware="true"
75-->[androidx.room:room-runtime:2.6.1] AndroidManifest.xml:26:13-43
76            android:exported="false" />
76-->[androidx.room:room-runtime:2.6.1] AndroidManifest.xml:27:13-37
77
78        <receiver
78-->[androidx.profileinstaller:profileinstaller:1.3.1] AndroidManifest.xml:34:9-52:20
79            android:name="androidx.profileinstaller.ProfileInstallReceiver"
79-->[androidx.profileinstaller:profileinstaller:1.3.1] AndroidManifest.xml:35:13-76
80            android:directBootAware="false"
80-->[androidx.profileinstaller:profileinstaller:1.3.1] AndroidManifest.xml:36:13-44
81            android:enabled="true"
81-->[androidx.profileinstaller:profileinstaller:1.3.1] AndroidManifest.xml:37:13-35
82            android:exported="true"
82-->[androidx.profileinstaller:profileinstaller:1.3.1] AndroidManifest.xml:38:13-36
83            android:permission="android.permission.DUMP" >
83-->[androidx.profileinstaller:profileinstaller:1.3.1] AndroidManifest.xml:39:13-57
84            <intent-filter>
84-->[androidx.profileinstaller:profileinstaller:1.3.1] AndroidManifest.xml:40:13-42:29
85                <action android:name="androidx.profileinstaller.action.INSTALL_PROFILE" />
85-->[androidx.profileinstaller:profileinstaller:1.3.1] AndroidManifest.xml:41:17-91
85-->[androidx.profileinstaller:profileinstaller:1.3.1] AndroidManifest.xml:41:25-88
86            </intent-filter>
87            <intent-filter>
87-->[androidx.profileinstaller:profileinstaller:1.3.1] AndroidManifest.xml:43:13-45:29
88                <action android:name="androidx.profileinstaller.action.SKIP_FILE" />
88-->[androidx.profileinstaller:profileinstaller:1.3.1] AndroidManifest.xml:44:17-85
88-->[androidx.profileinstaller:profileinstaller:1.3.1] AndroidManifest.xml:44:25-82
89            </intent-filter>
90            <intent-filter>
90-->[androidx.profileinstaller:profileinstaller:1.3.1] AndroidManifest.xml:46:13-48:29
91                <action android:name="androidx.profileinstaller.action.SAVE_PROFILE" />
91-->[androidx.profileinstaller:profileinstaller:1.3.1] AndroidManifest.xml:47:17-88
91-->[androidx.profileinstaller:profileinstaller:1.3.1] AndroidManifest.xml:47:25-85
92            </intent-filter>
93            <intent-filter>
93-->[androidx.profileinstaller:profileinstaller:1.3.1] AndroidManifest.xml:49:13-51:29
94                <action android:name="androidx.profileinstaller.action.BENCHMARK_OPERATION" />
94-->[androidx.profileinstaller:profileinstaller:1.3.1] AndroidManifest.xml:50:17-95
94-->[androidx.profileinstaller:profileinstaller:1.3.1] AndroidManifest.xml:50:25-92
95            </intent-filter>
96        </receiver>
97    </application>
98
99</manifest>